<?xml version="1.0" encoding="UTF-8"?>
<testng-results skipped="0" failed="0" ignored="0" total="1" passed="1">
  <reporter-output>
  </reporter-output>
  <suite name="Default suite" duration-ms="80" started-at="2020-04-05T04:50:47Z" finished-at="2020-04-05T04:50:47Z">
    <groups>
    </groups>
    <test name="Default test" duration-ms="80" started-at="2020-04-05T04:50:47Z" finished-at="2020-04-05T04:50:47Z">
      <class name="org.testing.TestScripts.TC1">
        <test-method status="PASS" signature="testcase1()[pri:0, instance:org.testing.TestScripts.TC1@2a2d45ba]" name="testcase1" duration-ms="26" started-at="2020-04-04T21:50:47Z" finished-at="2020-04-04T21:50:47Z">
          <reporter-output>
          </reporter-output>
        </test-method> <!-- testcase1 -->
      </class> <!-- org.testing.TestScripts.TC1 -->
    </test> <!-- Default test -->
  </suite> <!-- Default suite -->
</testng-results>
